<?xml version="1.0" encoding="UTF-8"?>
<!-- Generated by org.testng.reporters.JUnitXMLReporter -->
<testsuite ignored="0" hostname="LAPTOP-FV1AVM16" failures="1" tests="3" name="Test" time="55.672" errors="0" timestamp="2025-10-17T23:35:10 IST">
  <testcase classname="rahulshettyacademy.tests.EndToEndTest" name="submitOrderTest" time="12.396"/>
  <testcase classname="rahulshettyacademy.tests.EndToEndTest" name="submitOrderTest" time="15.544"/>
  <testcase classname="rahulshettyacademy.tests.errorValidationTest" name="zerrorValidationTest" time="5.824">
    <failure type="java.lang.AssertionError" message="expected [Login Successful] but found [Incorrect email or password.]">
      <![CDATA[java.lang.AssertionError: expected [Login Successful] but found [Incorrect email or password.]
at rahulshettyacademy.tests.errorValidationTest.zerrorValidationTest(errorValidationTest.java:21)
at java.base/java.util.ArrayList.forEach(ArrayList.java:1511)
at java.base/java.util.concurrent.FutureTask.run(FutureTask.java:264)
at java.base/java.util.concurrent.ThreadPoolExecutor.runWorker(ThreadPoolExecutor.java:1130)
at java.base/java.util.concurrent.ThreadPoolExecutor$Worker.run(ThreadPoolExecutor.java:630)
at java.base/java.lang.Thread.run(Thread.java:832)
... Removed 23 stack frames]]>
    </failure>
  </testcase> <!-- zerrorValidationTest -->
</testsuite> <!-- Test -->
